TN:
SF:src/notifications.ts
FN:12,<instance_members_initializer>
FN:28,Notificacion
FN:34,getEventType
FN:41,subscribe
FN:53,unsubscribe
FN:65,onEvent
FN:73,notify
FN:82,<instance_members_initializer>
FN:83,NotificacionObserver
FN:90,update
FNF:10
FNH:9
FNDA:1,<instance_members_initializer>
FNDA:1,Notificacion
FNDA:4,getEventType
FNDA:3,subscribe
FNDA:0,unsubscribe
FNDA:1,onEvent
FNDA:1,notify
FNDA:2,<instance_members_initializer>
FNDA:2,NotificacionObserver
FNDA:2,update
DA:1,1
DA:2,1
DA:3,1
DA:4,1
DA:5,1
DA:6,1
DA:7,1
DA:8,1
DA:9,1
DA:10,1
DA:11,1
DA:12,1
DA:13,1
DA:14,1
DA:15,1
DA:16,1
DA:17,1
DA:18,1
DA:19,1
DA:20,1
DA:21,1
DA:22,1
DA:23,1
DA:24,1
DA:25,1
DA:26,1
DA:27,1
DA:28,1
DA:29,1
DA:30,1
DA:31,1
DA:32,1
DA:33,1
DA:34,1
DA:35,4
DA:36,4
DA:37,1
DA:38,1
DA:39,1
DA:40,1
DA:41,1
DA:42,3
DA:43,1
DA:44,3
DA:45,2
DA:46,2
DA:47,3
DA:48,1
DA:49,1
DA:50,1
DA:51,1
DA:52,1
DA:53,1
DA:54,0
DA:55,0
DA:56,0
DA:57,0
DA:58,0
DA:59,0
DA:60,0
DA:61,1
DA:62,1
DA:63,1
DA:64,1
DA:65,1
DA:66,1
DA:67,1
DA:68,1
DA:69,1
DA:70,1
DA:71,1
DA:72,1
DA:73,1
DA:74,1
DA:75,1
DA:76,1
DA:77,1
DA:78,1
DA:79,1
DA:80,1
DA:81,1
DA:82,1
DA:83,2
DA:84,2
DA:85,2
DA:86,2
DA:87,2
DA:88,2
DA:89,2
DA:90,2
DA:91,2
DA:92,2
DA:93,2
DA:94,2
DA:95,2
DA:96,2
DA:97,2
DA:98,2
DA:99,2
DA:100,2
DA:101,2
DA:102,2
DA:103,2
LF:103
LH:96
BRDA:6,0,0,1
BRDA:12,1,0,1
BRDA:28,2,0,1
BRDA:34,3,0,4
BRDA:41,4,0,3
BRDA:42,5,0,1
BRDA:44,6,0,2
BRDA:65,7,0,1
BRDA:73,8,0,1
BRDA:74,9,0,2
BRDA:82,10,0,2
BRDA:83,11,0,2
BRDA:90,12,0,2
BRF:13
BRH:13
end_of_record
